  surfaceExtraction.cpp
c:\users\zache\onedrive\documents\college\du\comp2355\source\repos\homework4\homework4\surfaceextraction.cpp(19): warning C4244: '=': conversion from 'int' to 'float', possible loss of data
c:\users\zache\onedrive\documents\college\du\comp2355\source\repos\homework4\homework4\surfaceextraction.cpp(20): warning C4244: '=': conversion from 'int' to 'float', possible loss of data
c:\users\zache\onedrive\documents\college\du\comp2355\source\repos\homework4\homework4\surfaceextraction.cpp(21): warning C4244: '=': conversion from 'int' to 'float', possible loss of data
c:\users\zache\onedrive\documents\college\du\comp2355\source\repos\homework4\homework4\surfaceextraction.cpp(22): warning C4244: '=': conversion from 'int' to 'float', possible loss of data
c:\users\zache\onedrive\documents\college\du\comp2355\source\repos\homework4\homework4\surfaceextraction.cpp(23): warning C4244: '=': conversion from 'int' to 'float', possible loss of data
c:\users\zache\onedrive\documents\college\du\comp2355\source\repos\homework4\homework4\surfaceextraction.cpp(24): warning C4244: '=': conversion from 'int' to 'float', possible loss of data
c:\users\zache\onedrive\documents\college\du\comp2355\source\repos\homework4\homework4\surfaceextraction.cpp(28): warning C4244: '=': conversion from 'int' to 'float', possible loss of data
c:\users\zache\onedrive\documents\college\du\comp2355\source\repos\homework4\homework4\surfaceextraction.cpp(29): warning C4244: '=': conversion from 'int' to 'float', possible loss of data
c:\users\zache\onedrive\documents\college\du\comp2355\source\repos\homework4\homework4\surfaceextraction.cpp(30): warning C4244: '=': conversion from 'int' to 'float', possible loss of data
c:\users\zache\onedrive\documents\college\du\comp2355\source\repos\homework4\homework4\surfaceextraction.cpp(32): warning C4244: '=': conversion from 'int' to 'float', possible loss of data
c:\users\zache\onedrive\documents\college\du\comp2355\source\repos\homework4\homework4\surfaceextraction.cpp(33): warning C4244: '=': conversion from 'int' to 'float', possible loss of data
c:\users\zache\onedrive\documents\college\du\comp2355\source\repos\homework4\homework4\surfaceextraction.cpp(34): warning C4244: '=': conversion from 'int' to 'float', possible loss of data
c:\users\zache\onedrive\documents\college\du\comp2355\source\repos\homework4\homework4\surfaceextraction.cpp(36): warning C4244: '=': conversion from 'int' to 'float', possible loss of data
c:\users\zache\onedrive\documents\college\du\comp2355\source\repos\homework4\homework4\surfaceextraction.cpp(37): warning C4244: '=': conversion from 'int' to 'float', possible loss of data
c:\users\zache\onedrive\documents\college\du\comp2355\source\repos\homework4\homework4\surfaceextraction.cpp(38): warning C4244: '=': conversion from 'int' to 'float', possible loss of data
c:\users\zache\onedrive\documents\college\du\comp2355\source\repos\homework4\homework4\surfaceextraction.cpp(40): warning C4244: '=': conversion from 'int' to 'float', possible loss of data
c:\users\zache\onedrive\documents\college\du\comp2355\source\repos\homework4\homework4\surfaceextraction.cpp(41): warning C4244: '=': conversion from 'int' to 'float', possible loss of data
c:\users\zache\onedrive\documents\college\du\comp2355\source\repos\homework4\homework4\surfaceextraction.cpp(42): warning C4244: '=': conversion from 'int' to 'float', possible loss of data
c:\users\zache\onedrive\documents\college\du\comp2355\source\repos\homework4\homework4\surfaceextraction.cpp(112): warning C4267: '=': conversion from 'size_t' to 'int', possible loss of data
c:\users\zache\onedrive\documents\college\du\comp2355\source\repos\homework4\homework4\surfaceextraction.cpp(114): warning C4267: '=': conversion from 'size_t' to 'int', possible loss of data
c:\users\zache\onedrive\documents\college\du\comp2355\source\repos\homework4\homework4\surfaceextraction.cpp(129): warning C4267: '=': conversion from 'size_t' to 'int', possible loss of data
c:\users\zache\onedrive\documents\college\du\comp2355\source\repos\homework4\homework4\surfaceextraction.cpp(133): warning C4267: '=': conversion from 'size_t' to 'int', possible loss of data
c:\users\zache\onedrive\documents\college\du\comp2355\source\repos\homework4\homework4\surfaceextraction.cpp(186): warning C4267: '=': conversion from 'size_t' to 'int', possible loss of data
c:\users\zache\onedrive\documents\college\du\comp2355\source\repos\homework4\homework4\surfaceextraction.cpp(127): warning C4101: 'currentReadStatus': unreferenced local variable
  main.cpp
c:\users\zache\onedrive\documents\college\du\comp2355\source\repos\homework4\homework4\main.cpp(45): warning C4551: function call missing argument list
  Generating Code...
  Homework4.vcxproj -> C:\Users\Zache\OneDrive\Documents\College\DU\comp2355\source\repos\Homework4\x64\Debug\Homework4.exe
